# JRE version: OpenJDK Runtime Environment (8.0_212-b04) (build 1.8.0_212-release-1586-b04)
# Java VM: OpenJDK 64-Bit Server VM (25.212-b04 mixed mode windows-amd64 compressed oops)
Heap:
 PSYoungGen      total 134656K, used 67622K [0x00000000e0000000, 0x00000000e9080000, 0x0000000100000000)
  eden space 123392K, 47% used [0x00000000e0000000,0x00000000e3984150,0x00000000e7880000)
  from space 11264K, 77% used [0x00000000e8580000,0x00000000e8e05700,0x00000000e9080000)
  to   space 12288K, 0% used [0x00000000e7880000,0x00000000e7880000,0x00000000e8480000)
 ParOldGen       total 80384K, used 7459K [0x00000000a0000000, 0x00000000a4e80000, 0x00000000e0000000)
  object space 80384K, 9% used [0x00000000a0000000,0x00000000a0748eb0,0x00000000a4e80000)
 Metaspace       used 34407K, capacity 35220K, committed 35456K, reserved 1079296K
  class space    used 4711K, capacity 4925K, committed 4992K, reserved 1048576K
GC Heap History (10 events):
Event: 7.407 GC heap before
{Heap before GC invocations=3 (full 0):
 PSYoungGen      total 76288K, used 75142K [0x00000000e0000000, 0x00000000e5500000, 0x0000000100000000)
  eden space 65536K, 100% used [0x00000000e0000000,0x00000000e4000000,0x00000000e4000000)
  from space 10752K, 89% used [0x00000000e4a80000,0x00000000e53e18c8,0x00000000e5500000)
  to   space 10752K, 0% used [0x00000000e4000000,0x00000000e4000000,0x00000000e4a80000)
 ParOldGen       total 175104K, used 24K [0x00000000a0000000, 0x00000000aab00000, 0x00000000e0000000)
  object space 175104K, 0% used [0x00000000a0000000,0x00000000a0006000,0x00000000aab00000)
 Metaspace       used 20204K, capacity 20690K, committed 21120K, reserved 1067008K
  class space    used 2917K, capacity 3097K, committed 3200K, reserved 1048576K
Event: 7.414 GC heap after
Heap after GC invocations=3 (full 0):
 PSYoungGen      total 76288K, used 10743K [0x00000000e0000000, 0x00000000e5500000, 0x0000000100000000)
  eden space 65536K, 0% used [0x00000000e0000000,0x00000000e0000000,0x00000000e4000000)
  from space 10752K, 99% used [0x00000000e4000000,0x00000000e4a7dd58,0x00000000e4a80000)
  to   space 10752K, 0% used [0x00000000e4a80000,0x00000000e4a80000,0x00000000e5500000)
 ParOldGen       total 175104K, used 1358K [0x00000000a0000000, 0x00000000aab00000, 0x00000000e0000000)
  object space 175104K, 0% used [0x00000000a0000000,0x00000000a0153b38,0x00000000aab00000)
 Metaspace       used 20204K, capacity 20690K, committed 21120K, reserved 1067008K
  class space    used 2917K, capacity 3097K, committed 3200K, reserved 1048576K
}
Event: 7.440 GC heap before
{Heap before GC invocations=4 (full 0):
 PSYoungGen      total 76288K, used 13286K [0x00000000e0000000, 0x00000000e5500000, 0x0000000100000000)
  eden space 65536K, 3% used [0x00000000e0000000,0x00000000e027bdc0,0x00000000e4000000)
  from space 10752K, 99% used [0x00000000e4000000,0x00000000e4a7dd58,0x00000000e4a80000)
  to   space 10752K, 0% used [0x00000000e4a80000,0x00000000e4a80000,0x00000000e5500000)
 ParOldGen       total 175104K, used 1358K [0x00000000a0000000, 0x00000000aab00000, 0x00000000e0000000)
  object space 175104K, 0% used [0x00000000a0000000,0x00000000a0153b38,0x00000000aab00000)
 Metaspace       used 20590K, capacity 21106K, committed 21296K, reserved 1067008K
  class space    used 2970K, capacity 3129K, committed 3200K, reserved 1048576K
Event: 7.445 GC heap after
Heap after GC invocations=4 (full 0):
 PSYoungGen      total 76288K, used 7643K [0x00000000e0000000, 0x00000000e5500000, 0x0000000100000000)
  eden space 65536K, 0% used [0x00000000e0000000,0x00000000e0000000,0x00000000e4000000)
  from space 10752K, 71% used [0x00000000e4a80000,0x00000000e51f6f88,0x00000000e5500000)
  to   space 10752K, 0% used [0x00000000e4000000,0x00000000e4000000,0x00000000e4a80000)
 ParOldGen       total 175104K, used 1366K [0x00000000a0000000, 0x00000000aab00000, 0x00000000e0000000)
  object space 175104K, 0% used [0x00000000a0000000,0x00000000a0155b38,0x00000000aab00000)
 Metaspace       used 20590K, capacity 21106K, committed 21296K, reserved 1067008K
  class space    used 2970K, capacity 3129K, committed 3200K, reserved 1048576K
}
Event: 7.445 GC heap before
{Heap before GC invocations=5 (full 1):
 PSYoungGen      total 76288K, used 7643K [0x00000000e0000000, 0x00000000e5500000, 0x0000000100000000)
  eden space 65536K, 0% used [0x00000000e0000000,0x00000000e0000000,0x00000000e4000000)
  from space 10752K, 71% used [0x00000000e4a80000,0x00000000e51f6f88,0x00000000e5500000)
  to   space 10752K, 0% used [0x00000000e4000000,0x00000000e4000000,0x00000000e4a80000)
 ParOldGen       total 175104K, used 1366K [0x00000000a0000000, 0x00000000aab00000, 0x00000000e0000000)
  object space 175104K, 0% used [0x00000000a0000000,0x00000000a0155b38,0x00000000aab00000)
 Metaspace       used 20590K, capacity 21106K, committed 21296K, reserved 1067008K
  class space    used 2970K, capacity 3129K, committed 3200K, reserved 1048576K
Event: 7.473 GC heap after
Heap after GC invocations=5 (full 1):
 PSYoungGen      total 76288K, used 0K [0x00000000e0000000, 0x00000000e5500000, 0x0000000100000000)
  eden space 65536K, 0% used [0x00000000e0000000,0x00000000e0000000,0x00000000e4000000)
  from space 10752K, 0% used [0x00000000e4a80000,0x00000000e4a80000,0x00000000e5500000)
  to   space 10752K, 0% used [0x00000000e4000000,0x00000000e4000000,0x00000000e4a80000)
 ParOldGen       total 80384K, used 7443K [0x00000000a0000000, 0x00000000a4e80000, 0x00000000e0000000)
  object space 80384K, 9% used [0x00000000a0000000,0x00000000a0744eb0,0x00000000a4e80000)
 Metaspace       used 20590K, capacity 21106K, committed 21296K, reserved 1067008K
  class space    used 2970K, capacity 3129K, committed 3200K, reserved 1048576K
}
Event: 8.126 GC heap before
{Heap before GC invocations=6 (full 1):
 PSYoungGen      total 76288K, used 65536K [0x00000000e0000000, 0x00000000e5500000, 0x0000000100000000)
  eden space 65536K, 100% used [0x00000000e0000000,0x00000000e4000000,0x00000000e4000000)
  from space 10752K, 0% used [0x00000000e4a80000,0x00000000e4a80000,0x00000000e5500000)
  to   space 10752K, 0% used [0x00000000e4000000,0x00000000e4000000,0x00000000e4a80000)
 ParOldGen       total 80384K, used 7443K [0x00000000a0000000, 0x00000000a4e80000, 0x00000000e0000000)
  object space 80384K, 9% used [0x00000000a0000000,0x00000000a0744eb0,0x00000000a4e80000)
 Metaspace       used 29008K, capacity 29558K, committed 29952K, reserved 1075200K
  class space    used 3903K, capacity 4065K, committed 4096K, reserved 1048576K
Event: 8.130 GC heap after
Heap after GC invocations=6 (full 1):
 PSYoungGen      total 76288K, used 8174K [0x00000000e0000000, 0x00000000e9200000, 0x0000000100000000)
  eden space 65536K, 0% used [0x00000000e0000000,0x00000000e0000000,0x00000000e4000000)
  from space 10752K, 76% used [0x00000000e4000000,0x00000000e47fb920,0x00000000e4a80000)
  to   space 12800K, 0% used [0x00000000e8580000,0x00000000e8580000,0x00000000e9200000)
 ParOldGen       total 80384K, used 7451K [0x00000000a0000000, 0x00000000a4e80000, 0x00000000e0000000)
  object space 80384K, 9% used [0x00000000a0000000,0x00000000a0746eb0,0x00000000a4e80000)
 Metaspace       used 29008K, capacity 29558K, committed 29952K, reserved 1075200K
  class space    used 3903K, capacity 4065K, committed 4096K, reserved 1048576K
}
Event: 8.555 GC heap before
{Heap before GC invocations=7 (full 1):
 PSYoungGen      total 76288K, used 73710K [0x00000000e0000000, 0x00000000e9200000, 0x0000000100000000)
  eden space 65536K, 100% used [0x00000000e0000000,0x00000000e4000000,0x00000000e4000000)
  from space 10752K, 76% used [0x00000000e4000000,0x00000000e47fb920,0x00000000e4a80000)
  to   space 12800K, 0% used [0x00000000e8580000,0x00000000e8580000,0x00000000e9200000)
 ParOldGen       total 80384K, used 7451K [0x00000000a0000000, 0x00000000a4e80000, 0x00000000e0000000)
  object space 80384K, 9% used [0x00000000a0000000,0x00000000a0746eb0,0x00000000a4e80000)
 Metaspace       used 31838K, capacity 32436K, committed 32768K, reserved 1077248K
  class space    used 4356K, capacity 4555K, committed 4608K, reserved 1048576K
Event: 8.564 GC heap after
Heap after GC invocations=7 (full 1):
 PSYoungGen      total 134656K, used 8725K [0x00000000e0000000, 0x00000000e9080000, 0x0000000100000000)
  eden space 123392K, 0% used [0x00000000e0000000,0x00000000e0000000,0x00000000e7880000)
  from space 11264K, 77% used [0x00000000e8580000,0x00000000e8e05700,0x00000000e9080000)
  to   space 12288K, 0% used [0x00000000e7880000,0x00000000e7880000,0x00000000e8480000)
 ParOldGen       total 80384K, used 7459K [0x00000000a0000000, 0x00000000a4e80000, 0x00000000e0000000)
  object space 80384K, 9% used [0x00000000a0000000,0x00000000a0748eb0,0x00000000a4e80000)
 Metaspace       used 31838K, capacity 32436K, committed 32768K, reserved 1077248K
  class space    used 4356K, capacity 4555K, committed 4608K, reserved 1048576K
}

