# JRE version: OpenJDK Runtime Environment (8.0_212-b04) (build 1.8.0_212-release-1586-b04)
# Java VM: OpenJDK 64-Bit Server VM (25.212-b04 mixed mode windows-amd64 compressed oops)
Heap:
 PSYoungGen      total 175104K, used 144169K [0x00000000e0000000, 0x00000000ee980000, 0x0000000100000000)
  eden space 162304K, 80% used [0x00000000e0000000,0x00000000e804fef0,0x00000000e9e80000)
  from space 12800K, 99% used [0x00000000edd00000,0x00000000ee97a780,0x00000000ee980000)
  to   space 14848K, 0% used [0x00000000ecc80000,0x00000000ecc80000,0x00000000edb00000)
 ParOldGen       total 84480K, used 19469K [0x00000000a0000000, 0x00000000a5280000, 0x00000000e0000000)
  object space 84480K, 23% used [0x00000000a0000000,0x00000000a1303660,0x00000000a5280000)
 Metaspace       used 56349K, capacity 58106K, committed 58368K, reserved 1099776K
  class space    used 7717K, capacity 8154K, committed 8192K, reserved 1048576K
GC Heap History (10 events):
Event: 4.959 GC heap before
{Heap before GC invocations=6 (full 1):
 PSYoungGen      total 76288K, used 65536K [0x00000000e0000000, 0x00000000e9500000, 0x0000000100000000)
  eden space 65536K, 100% used [0x00000000e0000000,0x00000000e4000000,0x00000000e4000000)
  from space 10752K, 0% used [0x00000000e4a80000,0x00000000e4a80000,0x00000000e5500000)
  to   space 10752K, 0% used [0x00000000e4000000,0x00000000e4000000,0x00000000e4a80000)
 ParOldGen       total 84480K, used 7462K [0x00000000a0000000, 0x00000000a5280000, 0x00000000e0000000)
  object space 84480K, 8% used [0x00000000a0000000,0x00000000a0749870,0x00000000a5280000)
 Metaspace       used 29034K, capacity 29562K, committed 29696K, reserved 1075200K
  class space    used 3905K, capacity 4065K, committed 4096K, reserved 1048576K
Event: 4.963 GC heap after
Heap after GC invocations=6 (full 1):
 PSYoungGen      total 76288K, used 8084K [0x00000000e0000000, 0x00000000e8e00000, 0x0000000100000000)
  eden space 65536K, 0% used [0x00000000e0000000,0x00000000e0000000,0x00000000e4000000)
  from space 10752K, 75% used [0x00000000e4000000,0x00000000e47e53f0,0x00000000e4a80000)
  to   space 12800K, 0% used [0x00000000e8180000,0x00000000e8180000,0x00000000e8e00000)
 ParOldGen       total 84480K, used 7470K [0x00000000a0000000, 0x00000000a5280000, 0x00000000e0000000)
  object space 84480K, 8% used [0x00000000a0000000,0x00000000a074b870,0x00000000a5280000)
 Metaspace       used 29034K, capacity 29562K, committed 29696K, reserved 1075200K
  class space    used 3905K, capacity 4065K, committed 4096K, reserved 1048576K
}
Event: 5.353 GC heap before
{Heap before GC invocations=7 (full 1):
 PSYoungGen      total 76288K, used 73620K [0x00000000e0000000, 0x00000000e8e00000, 0x0000000100000000)
  eden space 65536K, 100% used [0x00000000e0000000,0x00000000e4000000,0x00000000e4000000)
  from space 10752K, 75% used [0x00000000e4000000,0x00000000e47e53f0,0x00000000e4a80000)
  to   space 12800K, 0% used [0x00000000e8180000,0x00000000e8180000,0x00000000e8e00000)
 ParOldGen       total 84480K, used 7470K [0x00000000a0000000, 0x00000000a5280000, 0x00000000e0000000)
  object space 84480K, 8% used [0x00000000a0000000,0x00000000a074b870,0x00000000a5280000)
 Metaspace       used 31921K, capacity 32532K, committed 32768K, reserved 1077248K
  class space    used 4368K, capacity 4587K, committed 4608K, reserved 1048576K
Event: 5.361 GC heap after
Heap after GC invocations=7 (full 1):
 PSYoungGen      total 130560K, used 8843K [0x00000000e0000000, 0x00000000e8c80000, 0x0000000100000000)
  eden space 119296K, 0% used [0x00000000e0000000,0x00000000e0000000,0x00000000e7480000)
  from space 11264K, 78% used [0x00000000e8180000,0x00000000e8a22d90,0x00000000e8c80000)
  to   space 12288K, 0% used [0x00000000e7480000,0x00000000e7480000,0x00000000e8080000)
 ParOldGen       total 84480K, used 7478K [0x00000000a0000000, 0x00000000a5280000, 0x00000000e0000000)
  object space 84480K, 8% used [0x00000000a0000000,0x00000000a074d870,0x00000000a5280000)
 Metaspace       used 31921K, capacity 32532K, committed 32768K, reserved 1077248K
  class space    used 4368K, capacity 4587K, committed 4608K, reserved 1048576K
}
Event: 5.872 GC heap before
{Heap before GC invocations=8 (full 1):
 PSYoungGen      total 130560K, used 69604K [0x00000000e0000000, 0x00000000e8c80000, 0x0000000100000000)
  eden space 119296K, 50% used [0x00000000e0000000,0x00000000e3b56658,0x00000000e7480000)
  from space 11264K, 78% used [0x00000000e8180000,0x00000000e8a22d90,0x00000000e8c80000)
  to   space 12288K, 0% used [0x00000000e7480000,0x00000000e7480000,0x00000000e8080000)
 ParOldGen       total 84480K, used 7478K [0x00000000a0000000, 0x00000000a5280000, 0x00000000e0000000)
  object space 84480K, 8% used [0x00000000a0000000,0x00000000a074d870,0x00000000a5280000)
 Metaspace       used 34571K, capacity 35446K, committed 35496K, reserved 1079296K
  class space    used 4743K, capacity 4972K, committed 4992K, reserved 1048576K
Event: 5.879 GC heap after
Heap after GC invocations=8 (full 1):
 PSYoungGen      total 131584K, used 10469K [0x00000000e0000000, 0x00000000ee980000, 0x0000000100000000)
  eden space 119296K, 0% used [0x00000000e0000000,0x00000000e0000000,0x00000000e7480000)
  from space 12288K, 85% used [0x00000000e7480000,0x00000000e7eb9418,0x00000000e8080000)
  to   space 12800K, 0% used [0x00000000edd00000,0x00000000edd00000,0x00000000ee980000)
 ParOldGen       total 84480K, used 7486K [0x00000000a0000000, 0x00000000a5280000, 0x00000000e0000000)
  object space 84480K, 8% used [0x00000000a0000000,0x00000000a074f870,0x00000000a5280000)
 Metaspace       used 34571K, capacity 35446K, committed 35496K, reserved 1079296K
  class space    used 4743K, capacity 4972K, committed 4992K, reserved 1048576K
}
Event: 5.879 GC heap before
{Heap before GC invocations=9 (full 2):
 PSYoungGen      total 131584K, used 10469K [0x00000000e0000000, 0x00000000ee980000, 0x0000000100000000)
  eden space 119296K, 0% used [0x00000000e0000000,0x00000000e0000000,0x00000000e7480000)
  from space 12288K, 85% used [0x00000000e7480000,0x00000000e7eb9418,0x00000000e8080000)
  to   space 12800K, 0% used [0x00000000edd00000,0x00000000edd00000,0x00000000ee980000)
 ParOldGen       total 84480K, used 7486K [0x00000000a0000000, 0x00000000a5280000, 0x00000000e0000000)
  object space 84480K, 8% used [0x00000000a0000000,0x00000000a074f870,0x00000000a5280000)
 Metaspace       used 34571K, capacity 35446K, committed 35496K, reserved 1079296K
  class space    used 4743K, capacity 4972K, committed 4992K, reserved 1048576K
Event: 5.979 GC heap after
Heap after GC invocations=9 (full 2):
 PSYoungGen      total 131584K, used 0K [0x00000000e0000000, 0x00000000ee980000, 0x0000000100000000)
  eden space 119296K, 0% used [0x00000000e0000000,0x00000000e0000000,0x00000000e7480000)
  from space 12288K, 0% used [0x00000000e7480000,0x00000000e7480000,0x00000000e8080000)
  to   space 12800K, 0% used [0x00000000edd00000,0x00000000edd00000,0x00000000ee980000)
 ParOldGen       total 84480K, used 17159K [0x00000000a0000000, 0x00000000a5280000, 0x00000000e0000000)
  object space 84480K, 20% used [0x00000000a0000000,0x00000000a10c1db0,0x00000000a5280000)
 Metaspace       used 34541K, capacity 35344K, committed 35496K, reserved 1079296K
  class space    used 4734K, capacity 4955K, committed 4992K, reserved 1048576K
}
Event: 8.424 GC heap before
{Heap before GC invocations=10 (full 2):
 PSYoungGen      total 131584K, used 119296K [0x00000000e0000000, 0x00000000ee980000, 0x0000000100000000)
  eden space 119296K, 100% used [0x00000000e0000000,0x00000000e7480000,0x00000000e7480000)
  from space 12288K, 0% used [0x00000000e7480000,0x00000000e7480000,0x00000000e8080000)
  to   space 12800K, 0% used [0x00000000edd00000,0x00000000edd00000,0x00000000ee980000)
 ParOldGen       total 84480K, used 17159K [0x00000000a0000000, 0x00000000a5280000, 0x00000000e0000000)
  object space 84480K, 20% used [0x00000000a0000000,0x00000000a10c1db0,0x00000000a5280000)
 Metaspace       used 45637K, capacity 46842K, committed 47232K, reserved 1089536K
  class space    used 6119K, capacity 6429K, committed 6528K, reserved 1048576K
Event: 8.433 GC heap after
Heap after GC invocations=10 (full 2):
 PSYoungGen      total 175104K, used 12777K [0x00000000e0000000, 0x00000000ee980000, 0x0000000100000000)
  eden space 162304K, 0% used [0x00000000e0000000,0x00000000e0000000,0x00000000e9e80000)
  from space 12800K, 99% used [0x00000000edd00000,0x00000000ee97a780,0x00000000ee980000)
  to   space 14848K, 0% used [0x00000000ecc80000,0x00000000ecc80000,0x00000000edb00000)
 ParOldGen       total 84480K, used 19469K [0x00000000a0000000, 0x00000000a5280000, 0x00000000e0000000)
  object space 84480K, 23% used [0x00000000a0000000,0x00000000a1303660,0x00000000a5280000)
 Metaspace       used 45637K, capacity 46842K, committed 47232K, reserved 1089536K
  class space    used 6119K, capacity 6429K, committed 6528K, reserved 1048576K
}

