# JRE version: OpenJDK Runtime Environment (8.0_212-b04) (build 1.8.0_212-release-1586-b04)
# Java VM: OpenJDK 64-Bit Server VM (25.212-b04 mixed mode windows-amd64 compressed oops)
Heap:
 PSYoungGen      total 207872K, used 147997K [0x00000000e0000000, 0x00000000ee600000, 0x0000000100000000)
  eden space 195584K, 69% used [0x00000000e0000000,0x00000000e848c998,0x00000000ebf00000)
  from space 12288K, 99% used [0x00000000eda00000,0x00000000ee5fac18,0x00000000ee600000)
  to   space 14848K, 0% used [0x00000000ecb80000,0x00000000ecb80000,0x00000000eda00000)
 ParOldGen       total 215040K, used 42883K [0x00000000a0000000, 0x00000000ad200000, 0x00000000e0000000)
  object space 215040K, 19% used [0x00000000a0000000,0x00000000a29e0ce8,0x00000000ad200000)
 Metaspace       used 70196K, capacity 73292K, committed 73344K, reserved 1112064K
  class space    used 9737K, capacity 10365K, committed 10368K, reserved 1048576K
GC Heap History (10 events):
Event: 5.632 GC heap before
{Heap before GC invocations=9 (full 2):
 PSYoungGen      total 131072K, used 10495K [0x00000000e0000000, 0x00000000ee880000, 0x0000000100000000)
  eden space 118784K, 0% used [0x00000000e0000000,0x00000000e0000000,0x00000000e7400000)
  from space 12288K, 85% used [0x00000000e7400000,0x00000000e7e3fe28,0x00000000e8000000)
  to   space 12800K, 0% used [0x00000000edc00000,0x00000000edc00000,0x00000000ee880000)
 ParOldGen       total 83968K, used 7461K [0x00000000a0000000, 0x00000000a5200000, 0x00000000e0000000)
  object space 83968K, 8% used [0x00000000a0000000,0x00000000a07496b0,0x00000000a5200000)
 Metaspace       used 34578K, capacity 35422K, committed 35456K, reserved 1079296K
  class space    used 4746K, capacity 4968K, committed 4992K, reserved 1048576K
Event: 5.728 GC heap after
Heap after GC invocations=9 (full 2):
 PSYoungGen      total 131072K, used 0K [0x00000000e0000000, 0x00000000ee880000, 0x0000000100000000)
  eden space 118784K, 0% used [0x00000000e0000000,0x00000000e0000000,0x00000000e7400000)
  from space 12288K, 0% used [0x00000000e7400000,0x00000000e7400000,0x00000000e8000000)
  to   space 12800K, 0% used [0x00000000edc00000,0x00000000edc00000,0x00000000ee880000)
 ParOldGen       total 137728K, used 17193K [0x00000000a0000000, 0x00000000a8680000, 0x00000000e0000000)
  object space 137728K, 12% used [0x00000000a0000000,0x00000000a10ca4f0,0x00000000a8680000)
 Metaspace       used 34555K, capacity 35344K, committed 35456K, reserved 1079296K
  class space    used 4738K, capacity 4955K, committed 4992K, reserved 1048576K
}
Event: 6.735 GC heap before
{Heap before GC invocations=10 (full 2):
 PSYoungGen      total 131072K, used 118784K [0x00000000e0000000, 0x00000000ee880000, 0x0000000100000000)
  eden space 118784K, 100% used [0x00000000e0000000,0x00000000e7400000,0x00000000e7400000)
  from space 12288K, 0% used [0x00000000e7400000,0x00000000e7400000,0x00000000e8000000)
  to   space 12800K, 0% used [0x00000000edc00000,0x00000000edc00000,0x00000000ee880000)
 ParOldGen       total 137728K, used 17193K [0x00000000a0000000, 0x00000000a8680000, 0x00000000e0000000)
  object space 137728K, 12% used [0x00000000a0000000,0x00000000a10ca4f0,0x00000000a8680000)
 Metaspace       used 45585K, capacity 46774K, committed 46976K, reserved 1089536K
  class space    used 6117K, capacity 6427K, committed 6528K, reserved 1048576K
Event: 6.744 GC heap after
Heap after GC invocations=10 (full 2):
 PSYoungGen      total 175104K, used 12791K [0x00000000e0000000, 0x00000000ee880000, 0x0000000100000000)
  eden space 162304K, 0% used [0x00000000e0000000,0x00000000e0000000,0x00000000e9e80000)
  from space 12800K, 99% used [0x00000000edc00000,0x00000000ee87dce8,0x00000000ee880000)
  to   space 14848K, 0% used [0x00000000ecb80000,0x00000000ecb80000,0x00000000eda00000)
 ParOldGen       total 137728K, used 19408K [0x00000000a0000000, 0x00000000a8680000, 0x00000000e0000000)
  object space 137728K, 14% used [0x00000000a0000000,0x00000000a12f43d8,0x00000000a8680000)
 Metaspace       used 45585K, capacity 46774K, committed 46976K, reserved 1089536K
  class space    used 6117K, capacity 6427K, committed 6528K, reserved 1048576K
}
Event: 8.043 GC heap before
{Heap before GC invocations=11 (full 2):
 PSYoungGen      total 175104K, used 160814K [0x00000000e0000000, 0x00000000ee880000, 0x0000000100000000)
  eden space 162304K, 91% used [0x00000000e0000000,0x00000000e908de00,0x00000000e9e80000)
  from space 12800K, 99% used [0x00000000edc00000,0x00000000ee87dce8,0x00000000ee880000)
  to   space 14848K, 0% used [0x00000000ecb80000,0x00000000ecb80000,0x00000000eda00000)
 ParOldGen       total 137728K, used 19408K [0x00000000a0000000, 0x00000000a8680000, 0x00000000e0000000)
  object space 137728K, 14% used [0x00000000a0000000,0x00000000a12f43d8,0x00000000a8680000)
 Metaspace       used 57227K, capacity 59020K, committed 59096K, reserved 1099776K
  class space    used 7845K, capacity 8271K, committed 8320K, reserved 1048576K
Event: 8.059 GC heap after
Heap after GC invocations=11 (full 2):
 PSYoungGen      total 210432K, used 14841K [0x00000000e0000000, 0x00000000ee600000, 0x0000000100000000)
  eden space 195584K, 0% used [0x00000000e0000000,0x00000000e0000000,0x00000000ebf00000)
  from space 14848K, 99% used [0x00000000ecb80000,0x00000000ed9fe7f0,0x00000000eda00000)
  to   space 12288K, 0% used [0x00000000eda00000,0x00000000eda00000,0x00000000ee600000)
 ParOldGen       total 137728K, used 27600K [0x00000000a0000000, 0x00000000a8680000, 0x00000000e0000000)
  object space 137728K, 20% used [0x00000000a0000000,0x00000000a1af4168,0x00000000a8680000)
 Metaspace       used 57227K, capacity 59020K, committed 59096K, reserved 1099776K
  class space    used 7845K, capacity 8271K, committed 8320K, reserved 1048576K
}
Event: 8.059 GC heap before
{Heap before GC invocations=12 (full 3):
 PSYoungGen      total 210432K, used 14841K [0x00000000e0000000, 0x00000000ee600000, 0x0000000100000000)
  eden space 195584K, 0% used [0x00000000e0000000,0x00000000e0000000,0x00000000ebf00000)
  from space 14848K, 99% used [0x00000000ecb80000,0x00000000ed9fe7f0,0x00000000eda00000)
  to   space 12288K, 0% used [0x00000000eda00000,0x00000000eda00000,0x00000000ee600000)
 ParOldGen       total 137728K, used 27600K [0x00000000a0000000, 0x00000000a8680000, 0x00000000e0000000)
  object space 137728K, 20% used [0x00000000a0000000,0x00000000a1af4168,0x00000000a8680000)
 Metaspace       used 57227K, capacity 59020K, committed 59096K, reserved 1099776K
  class space    used 7845K, capacity 8271K, committed 8320K, reserved 1048576K
Event: 8.283 GC heap after
Heap after GC invocations=12 (full 3):
 PSYoungGen      total 210432K, used 0K [0x00000000e0000000, 0x00000000ee600000, 0x0000000100000000)
  eden space 195584K, 0% used [0x00000000e0000000,0x00000000e0000000,0x00000000ebf00000)
  from space 14848K, 0% used [0x00000000ecb80000,0x00000000ecb80000,0x00000000eda00000)
  to   space 12288K, 0% used [0x00000000eda00000,0x00000000eda00000,0x00000000ee600000)
 ParOldGen       total 215040K, used 37009K [0x00000000a0000000, 0x00000000ad200000, 0x00000000e0000000)
  object space 215040K, 17% used [0x00000000a0000000,0x00000000a2424520,0x00000000ad200000)
 Metaspace       used 57227K, capacity 59020K, committed 59096K, reserved 1099776K
  class space    used 7845K, capacity 8271K, committed 8320K, reserved 1048576K
}
Event: 9.745 GC heap before
{Heap before GC invocations=13 (full 3):
 PSYoungGen      total 210432K, used 195584K [0x00000000e0000000, 0x00000000ee600000, 0x0000000100000000)
  eden space 195584K, 100% used [0x00000000e0000000,0x00000000ebf00000,0x00000000ebf00000)
  from space 14848K, 0% used [0x00000000ecb80000,0x00000000ecb80000,0x00000000eda00000)
  to   space 12288K, 0% used [0x00000000eda00000,0x00000000eda00000,0x00000000ee600000)
 ParOldGen       total 215040K, used 37009K [0x00000000a0000000, 0x00000000ad200000, 0x00000000e0000000)
  object space 215040K, 17% used [0x00000000a0000000,0x00000000a2424520,0x00000000ad200000)
 Metaspace       used 64480K, capacity 67012K, committed 67328K, reserved 1107968K
  class space    used 8851K, capacity 9357K, committed 9472K, reserved 1048576K
Event: 9.758 GC heap after
Heap after GC invocations=13 (full 3):
 PSYoungGen      total 207872K, used 12267K [0x00000000e0000000, 0x00000000ee600000, 0x0000000100000000)
  eden space 195584K, 0% used [0x00000000e0000000,0x00000000e0000000,0x00000000ebf00000)
  from space 12288K, 99% used [0x00000000eda00000,0x00000000ee5fac18,0x00000000ee600000)
  to   space 14848K, 0% used [0x00000000ecb80000,0x00000000ecb80000,0x00000000eda00000)
 ParOldGen       total 215040K, used 42883K [0x00000000a0000000, 0x00000000ad200000, 0x00000000e0000000)
  object space 215040K, 19% used [0x00000000a0000000,0x00000000a29e0ce8,0x00000000ad200000)
 Metaspace       used 64480K, capacity 67012K, committed 67328K, reserved 1107968K
  class space    used 8851K, capacity 9357K, committed 9472K, reserved 1048576K
}

