# JRE version: OpenJDK Runtime Environment (8.0_212-b04) (build 1.8.0_212-release-1586-b04)
# Java VM: OpenJDK 64-Bit Server VM (25.212-b04 mixed mode windows-amd64 compressed oops)
Heap:
 PSYoungGen      total 246272K, used 35150K [0x00000000e0000000, 0x00000000f3580000, 0x0000000100000000)
  eden space 220672K, 4% used [0x00000000e0000000,0x00000000e095a410,0x00000000ed780000)
  from space 25600K, 99% used [0x00000000eff00000,0x00000000f17f9768,0x00000000f1800000)
  to   space 40448K, 0% used [0x00000000ed780000,0x00000000ed780000,0x00000000eff00000)
 ParOldGen       total 214528K, used 78073K [0x00000000a0000000, 0x00000000ad180000, 0x00000000e0000000)
  object space 214528K, 36% used [0x00000000a0000000,0x00000000a4c3e710,0x00000000ad180000)
 Metaspace       used 87935K, capacity 92158K, committed 92288K, reserved 1128448K
  class space    used 11811K, capacity 12624K, committed 12672K, reserved 1048576K
GC Heap History (10 events):
Event: 8.580 GC heap before
{Heap before GC invocations=11 (full 2):
 PSYoungGen      total 179200K, used 162724K [0x00000000e0000000, 0x00000000ed780000, 0x0000000100000000)
  eden space 166400K, 90% used [0x00000000e0000000,0x00000000e9269f20,0x00000000ea280000)
  from space 12800K, 99% used [0x00000000ecb00000,0x00000000ed77f260,0x00000000ed780000)
  to   space 14336K, 0% used [0x00000000ebb80000,0x00000000ebb80000,0x00000000ec980000)
 ParOldGen       total 138240K, used 18757K [0x00000000a0000000, 0x00000000a8700000, 0x00000000e0000000)
  object space 138240K, 13% used [0x00000000a0000000,0x00000000a12515f0,0x00000000a8700000)
 Metaspace       used 57227K, capacity 59024K, committed 59096K, reserved 1099776K
  class space    used 7844K, capacity 8271K, committed 8320K, reserved 1048576K
Event: 8.604 GC heap after
Heap after GC invocations=11 (full 2):
 PSYoungGen      total 206336K, used 14321K [0x00000000e0000000, 0x00000000ef500000, 0x0000000100000000)
  eden space 192000K, 0% used [0x00000000e0000000,0x00000000e0000000,0x00000000ebb80000)
  from space 14336K, 99% used [0x00000000ebb80000,0x00000000ec97c7c0,0x00000000ec980000)
  to   space 19456K, 0% used [0x00000000ee200000,0x00000000ee200000,0x00000000ef500000)
 ParOldGen       total 138240K, used 27572K [0x00000000a0000000, 0x00000000a8700000, 0x00000000e0000000)
  object space 138240K, 19% used [0x00000000a0000000,0x00000000a1aed318,0x00000000a8700000)
 Metaspace       used 57227K, capacity 59024K, committed 59096K, reserved 1099776K
  class space    used 7844K, capacity 8271K, committed 8320K, reserved 1048576K
}
Event: 8.604 GC heap before
{Heap before GC invocations=12 (full 3):
 PSYoungGen      total 206336K, used 14321K [0x00000000e0000000, 0x00000000ef500000, 0x0000000100000000)
  eden space 192000K, 0% used [0x00000000e0000000,0x00000000e0000000,0x00000000ebb80000)
  from space 14336K, 99% used [0x00000000ebb80000,0x00000000ec97c7c0,0x00000000ec980000)
  to   space 19456K, 0% used [0x00000000ee200000,0x00000000ee200000,0x00000000ef500000)
 ParOldGen       total 138240K, used 27572K [0x00000000a0000000, 0x00000000a8700000, 0x00000000e0000000)
  object space 138240K, 19% used [0x00000000a0000000,0x00000000a1aed318,0x00000000a8700000)
 Metaspace       used 57227K, capacity 59024K, committed 59096K, reserved 1099776K
  class space    used 7844K, capacity 8271K, committed 8320K, reserved 1048576K
Event: 8.882 GC heap after
Heap after GC invocations=12 (full 3):
 PSYoungGen      total 206336K, used 0K [0x00000000e0000000, 0x00000000ef500000, 0x0000000100000000)
  eden space 192000K, 0% used [0x00000000e0000000,0x00000000e0000000,0x00000000ebb80000)
  from space 14336K, 0% used [0x00000000ebb80000,0x00000000ebb80000,0x00000000ec980000)
  to   space 19456K, 0% used [0x00000000ee200000,0x00000000ee200000,0x00000000ef500000)
 ParOldGen       total 214528K, used 37139K [0x00000000a0000000, 0x00000000ad180000, 0x00000000e0000000)
  object space 214528K, 17% used [0x00000000a0000000,0x00000000a2444d98,0x00000000ad180000)
 Metaspace       used 57227K, capacity 59024K, committed 59096K, reserved 1099776K
  class space    used 7844K, capacity 8271K, committed 8320K, reserved 1048576K
}
Event: 11.551 GC heap before
{Heap before GC invocations=13 (full 3):
 PSYoungGen      total 206336K, used 192000K [0x00000000e0000000, 0x00000000ef500000, 0x0000000100000000)
  eden space 192000K, 100% used [0x00000000e0000000,0x00000000ebb80000,0x00000000ebb80000)
  from space 14336K, 0% used [0x00000000ebb80000,0x00000000ebb80000,0x00000000ec980000)
  to   space 19456K, 0% used [0x00000000ee200000,0x00000000ee200000,0x00000000ef500000)
 ParOldGen       total 214528K, used 37139K [0x00000000a0000000, 0x00000000ad180000, 0x00000000e0000000)
  object space 214528K, 17% used [0x00000000a0000000,0x00000000a2444d98,0x00000000ad180000)
 Metaspace       used 63415K, capacity 65704K, committed 65792K, reserved 1105920K
  class space    used 8674K, capacity 9169K, committed 9216K, reserved 1048576K
Event: 11.562 GC heap after
Heap after GC invocations=13 (full 3):
 PSYoungGen      total 231424K, used 13588K [0x00000000e0000000, 0x00000000efb80000, 0x0000000100000000)
  eden space 211968K, 0% used [0x00000000e0000000,0x00000000e0000000,0x00000000ecf00000)
  from space 19456K, 69% used [0x00000000ee200000,0x00000000eef45188,0x00000000ef500000)
  to   space 19456K, 0% used [0x00000000ecf00000,0x00000000ecf00000,0x00000000ee200000)
 ParOldGen       total 214528K, used 37147K [0x00000000a0000000, 0x00000000ad180000, 0x00000000e0000000)
  object space 214528K, 17% used [0x00000000a0000000,0x00000000a2446d98,0x00000000ad180000)
 Metaspace       used 63415K, capacity 65704K, committed 65792K, reserved 1105920K
  class space    used 8674K, capacity 9169K, committed 9216K, reserved 1048576K
}
Event: 47.098 GC heap before
{Heap before GC invocations=14 (full 3):
 PSYoungGen      total 231424K, used 225556K [0x00000000e0000000, 0x00000000efb80000, 0x0000000100000000)
  eden space 211968K, 100% used [0x00000000e0000000,0x00000000ecf00000,0x00000000ecf00000)
  from space 19456K, 69% used [0x00000000ee200000,0x00000000eef45188,0x00000000ef500000)
  to   space 19456K, 0% used [0x00000000ecf00000,0x00000000ecf00000,0x00000000ee200000)
 ParOldGen       total 214528K, used 37147K [0x00000000a0000000, 0x00000000ad180000, 0x00000000e0000000)
  object space 214528K, 17% used [0x00000000a0000000,0x00000000a2446d98,0x00000000ad180000)
 Metaspace       used 73857K, capacity 76480K, committed 76672K, reserved 1116160K
  class space    used 9764K, capacity 10340K, committed 10368K, reserved 1048576K
Event: 47.115 GC heap after
Heap after GC invocations=14 (full 3):
 PSYoungGen      total 231424K, used 19430K [0x00000000e0000000, 0x00000000f1800000, 0x0000000100000000)
  eden space 211968K, 0% used [0x00000000e0000000,0x00000000e0000000,0x00000000ecf00000)
  from space 19456K, 99% used [0x00000000ecf00000,0x00000000ee1f99f8,0x00000000ee200000)
  to   space 25600K, 0% used [0x00000000eff00000,0x00000000eff00000,0x00000000f1800000)
 ParOldGen       total 214528K, used 47802K [0x00000000a0000000, 0x00000000ad180000, 0x00000000e0000000)
  object space 214528K, 22% used [0x00000000a0000000,0x00000000a2eaeb90,0x00000000ad180000)
 Metaspace       used 73857K, capacity 76480K, committed 76672K, reserved 1116160K
  class space    used 9764K, capacity 10340K, committed 10368K, reserved 1048576K
}
Event: 50.697 GC heap before
{Heap before GC invocations=15 (full 3):
 PSYoungGen      total 231424K, used 231398K [0x00000000e0000000, 0x00000000f1800000, 0x0000000100000000)
  eden space 211968K, 100% used [0x00000000e0000000,0x00000000ecf00000,0x00000000ecf00000)
  from space 19456K, 99% used [0x00000000ecf00000,0x00000000ee1f99f8,0x00000000ee200000)
  to   space 25600K, 0% used [0x00000000eff00000,0x00000000eff00000,0x00000000f1800000)
 ParOldGen       total 214528K, used 47802K [0x00000000a0000000, 0x00000000ad180000, 0x00000000e0000000)
  object space 214528K, 22% used [0x00000000a0000000,0x00000000a2eaeb90,0x00000000ad180000)
 Metaspace       used 87915K, capacity 92150K, committed 92288K, reserved 1128448K
  class space    used 11811K, capacity 12624K, committed 12672K, reserved 1048576K
Event: 50.735 GC heap after
Heap after GC invocations=15 (full 3):
 PSYoungGen      total 246272K, used 25573K [0x00000000e0000000, 0x00000000f3580000, 0x0000000100000000)
  eden space 220672K, 0% used [0x00000000e0000000,0x00000000e0000000,0x00000000ed780000)
  from space 25600K, 99% used [0x00000000eff00000,0x00000000f17f9768,0x00000000f1800000)
  to   space 40448K, 0% used [0x00000000ed780000,0x00000000ed780000,0x00000000eff00000)
 ParOldGen       total 214528K, used 78073K [0x00000000a0000000, 0x00000000ad180000, 0x00000000e0000000)
  object space 214528K, 36% used [0x00000000a0000000,0x00000000a4c3e710,0x00000000ad180000)
 Metaspace       used 87915K, capacity 92150K, committed 92288K, reserved 1128448K
  class space    used 11811K, capacity 12624K, committed 12672K, reserved 1048576K
}

